<?xml version="1.0" encoding="UTF-8"?>
<robot generator="Robot 4.1.3 (Python 3.7.5 on win32)" generated="20220408 13:58:49.761" rpa="true" schemaversion="2">
<suite id="s1" name="Tasks" source="e:\Internshala\1-Xorion Technologies Pvt Ltd., Nagpur\Projects\Extract Data of Product Name, Price, Rating, URL from Amazon and save in csv using robocorp-RPA\tasks.robot">
<test id="s1-t1" name="DataScraping Demo">
<kw name="Opening Amazon Browser">
<kw name="Open Available Browser" library="RPA.Browser.Selenium">
<arg>https://www.amazon.in/s?k=Mobiles&amp;crid=4EH3MNIZJLE0&amp;sprefix=mobiles%2Caps%2C460&amp;ref=nb_sb_noss_1</arg>
<arg>maximized=True</arg>
<arg>alias=FirstBrowser</arg>
<doc>Attempts to open a browser on the user's device from a set of
supported browsers. Automatically downloads a corresponding webdriver
if none is already installed.</doc>
<msg timestamp="20220408 13:58:50.558" level="INFO">Creating an instance of the Chrome WebDriver.</msg>
<msg timestamp="20220408 13:58:50.573" level="INFO">Created download root directory: C:\Users\abagd\AppData\Local\robocorp\webdrivers</msg>
<msg timestamp="20220408 13:58:50.573" level="INFO">Created symlink directory: C:\Users\abagd\AppData\Local\robocorp\webdrivers</msg>
<msg timestamp="20220408 13:58:50.573" level="INFO">Creating an instance of the Chrome WebDriver.</msg>
<msg timestamp="20220408 13:58:51.750" level="INFO">Created Chrome browser with arguments: --start-maximized --disable-dev-shm-usage --disable-web-security --allow-running-insecure-content --no-sandbox</msg>
<msg timestamp="20220408 13:58:51.750" level="INFO" html="true">&lt;p&gt;Attempted combinations:&lt;/p&gt;&lt;div class="doc"&gt;&lt;table&gt;&lt;tr&gt;&lt;th&gt;Browser&lt;/th&gt;&lt;th&gt;Download&lt;/th&gt;&lt;th&gt;Error&lt;/th&gt;&lt;/tr&gt;&lt;tr&gt;&lt;td&gt;Chrome&lt;/td&gt;&lt;td&gt;False&lt;/td&gt;&lt;td&gt;Message: 'chromedriver' executable needs to be in PATH. Please see https://sites.google.com/a/chromium.org/chromedriver/home
&lt;/td&gt;&lt;/tr&gt;&lt;tr&gt;&lt;td&gt;Chrome&lt;/td&gt;&lt;td&gt;True&lt;/td&gt;&lt;td&gt;&lt;/td&gt;&lt;/tr&gt;&lt;/table&gt;&lt;/div&gt;</msg>
<msg timestamp="20220408 13:58:51.750" level="INFO">Opening url 'https://www.amazon.in/s?k=Mobiles&amp;crid=4EH3MNIZJLE0&amp;sprefix=mobiles%2Caps%2C460&amp;ref=nb_sb_noss_1'</msg>
<status status="PASS" starttime="20220408 13:58:50.554" endtime="20220408 13:58:54.239"/>
</kw>
<kw name="Sleep" library="BuiltIn">
<arg>2s</arg>
<doc>Pauses the test executed for the given time.</doc>
<msg timestamp="20220408 13:58:56.248" level="INFO">Slept 2 seconds</msg>
<status status="PASS" starttime="20220408 13:58:54.239" endtime="20220408 13:58:56.248"/>
</kw>
<status status="PASS" starttime="20220408 13:58:50.554" endtime="20220408 13:58:56.248"/>
</kw>
<kw name="${amazonData}= DataScraping Results">
<msg timestamp="20220408 13:58:56.256" level="FAIL">No keyword with name '${amazonData}= DataScraping Results' found.</msg>
<status status="FAIL" starttime="20220408 13:58:56.256" endtime="20220408 13:58:56.256"/>
</kw>
<kw name="${Amazontable}= Create Tables">
<arg>${amazonData}</arg>
<arg>columns=@{headers}</arg>
<status status="NOT RUN" starttime="20220408 13:58:56.264" endtime="20220408 13:58:56.264"/>
</kw>
<kw name="Write table to CSV" library="RPA.Tables">
<arg>${Amazontable}</arg>
<arg>e:\\Internshala\\1-Xorion Technologies Pvt Ltd., Nagpur\\Projects\\Extract Data of Product Name, Price, Rating, URL from Amazon and save in csv using robocorp-RPA${/}output${/}AmazonData.csv</arg>
<doc>Write a table as a CSV file.</doc>
<status status="NOT RUN" starttime="20220408 13:58:56.264" endtime="20220408 13:58:56.264"/>
</kw>
<status status="FAIL" starttime="20220408 13:58:50.554" endtime="20220408 13:58:56.264">No keyword with name '${amazonData}= DataScraping Results' found.</status>
</test>
<doc>Template robot main suite.</doc>
<status status="FAIL" starttime="20220408 13:58:49.764" endtime="20220408 13:58:56.264"/>
</suite>
<statistics>
<total>
<stat pass="0" fail="1" skip="0">All Tasks</stat>
</total>
<tag>
</tag>
<suite>
<stat pass="0" fail="1" skip="0" id="s1" name="Tasks">Tasks</stat>
</suite>
</statistics>
<errors>
<msg timestamp="20220408 13:58:50.544" level="ERROR">Error in file 'e:\Internshala\1-Xorion Technologies Pvt Ltd., Nagpur\Projects\Extract Data of Product Name, Price, Rating, URL from Amazon and save in csv using robocorp-RPA\tasks.robot' on line 5: Importing library 'DataScraper' failed: ModuleNotFoundError: No module named 'DataScraper'
Traceback (most recent call last):
  None
PYTHONPATH:
  e:\Internshala\1-Xorion Technologies Pvt Ltd., Nagpur\Projects\Extract Data of Product Name, Price, Rating, URL from Amazon and save in csv using robocorp-RPA
  e:\Internshala\1-Xorion Technologies Pvt Ltd., Nagpur\Projects\Extract Data of Product Name, Price, Rating, URL from Amazon and save in csv using robocorp-RPA
  C:\Users\abagd\AppData\Local\robocorp\holotree\b1f3c244e_59f207d3\python37.zip
  C:\Users\abagd\AppData\Local\robocorp\holotree\b1f3c244e_59f207d3\DLLs
  C:\Users\abagd\AppData\Local\robocorp\holotree\b1f3c244e_59f207d3\lib
  C:\Users\abagd\AppData\Local\robocorp\holotree\b1f3c244e_59f207d3
  C:\Users\abagd\AppData\Local\robocorp\holotree\b1f3c244e_59f207d3\lib\site-packages
  C:\Users\abagd\AppData\Local\robocorp\holotree\b1f3c244e_59f207d3\lib\site-packages\win32
  C:\Users\abagd\AppData\Local\robocorp\holotree\b1f3c244e_59f207d3\lib\site-packages\win32\lib
  C:\Users\abagd\AppData\Local\robocorp\holotree\b1f3c244e_59f207d3\lib\site-packages\Pythonwin</msg>
</errors>
</robot>
